<?xml version="1.0" encoding="UTF-8"?>
<testng-results ignored="0" total="1" passed="1" failed="0" skipped="0">
  <reporter-output>
  </reporter-output>
  <suite started-at="2026-04-04T19:50:30 IST" name="Default suite" finished-at="2026-04-04T19:50:46 IST" duration-ms="16450">
    <groups>
    </groups>
    <test started-at="2026-04-04T19:50:30 IST" name="Default test" finished-at="2026-04-04T19:50:46 IST" duration-ms="16450">
      <class name="tests.InputFiledTest">
        <test-method is-config="true" signature="setUp()[pri:0, instance:tests.InputFiledTest@385e9564]" started-at="2026-04-04T19:50:30 IST" name="setUp" finished-at="2026-04-04T19:50:46 IST" duration-ms="16070" status="PASS">
          <reporter-output>
          </reporter-output>
        </test-method> <!-- setUp -->
        <test-method signature="testFormFill()[pri:0, instance:tests.InputFiledTest@385e9564]" started-at="2026-04-04T19:50:46 IST" name="testFormFill" finished-at="2026-04-04T19:50:46 IST" duration-ms="146" status="PASS">
          <reporter-output>
          </reporter-output>
        </test-method> <!-- testFormFill -->
        <test-method is-config="true" signature="tearDown()[pri:0, instance:tests.InputFiledTest@385e9564]" started-at="2026-04-04T19:50:46 IST" name="tearDown" finished-at="2026-04-04T19:50:46 IST" duration-ms="183" status="PASS">
          <reporter-output>
          </reporter-output>
        </test-method> <!-- tearDown -->
      </class> <!-- tests.InputFiledTest -->
    </test> <!-- Default test -->
  </suite> <!-- Default suite -->
</testng-results>
