<?xml version="1.0" encoding="UTF-8"?>
<testng-results ignored="0" total="1" passed="1" failed="0" skipped="0">
  <reporter-output>
  </reporter-output>
  <suite started-at="2026-04-05T21:56:01 IST" name="Default suite" finished-at="2026-04-05T21:56:08 IST" duration-ms="7702">
    <groups>
    </groups>
    <test started-at="2026-04-05T21:56:01 IST" name="Default test" finished-at="2026-04-05T21:56:08 IST" duration-ms="7702">
      <class name="tests.InputFiledTest">
        <test-method is-config="true" signature="setUp()[pri:0, instance:tests.InputFiledTest@6a2f6f80]" started-at="2026-04-05T21:56:01 IST" name="setUp" finished-at="2026-04-05T21:56:08 IST" duration-ms="7268" status="PASS">
          <reporter-output>
          </reporter-output>
        </test-method> <!-- setUp -->
        <test-method signature="testFormFill()[pri:0, instance:tests.InputFiledTest@6a2f6f80]" started-at="2026-04-05T21:56:08 IST" name="testFormFill" finished-at="2026-04-05T21:56:08 IST" duration-ms="182" status="PASS">
          <reporter-output>
          </reporter-output>
        </test-method> <!-- testFormFill -->
        <test-method is-config="true" signature="tearDown()[pri:0, instance:tests.InputFiledTest@6a2f6f80]" started-at="2026-04-05T21:56:08 IST" name="tearDown" finished-at="2026-04-05T21:56:08 IST" duration-ms="196" status="PASS">
          <reporter-output>
          </reporter-output>
        </test-method> <!-- tearDown -->
      </class> <!-- tests.InputFiledTest -->
    </test> <!-- Default test -->
  </suite> <!-- Default suite -->
</testng-results>
